# JRE version: OpenJDK Runtime Environment Temurin-21.0.11+10 (21.0.11+10) (build 21.0.11+10-LTS)
# Java VM: OpenJDK 64-Bit Server VM Temurin-21.0.11+10 (21.0.11+10-LTS, mixed mode, sharing, tiered, compressed oops, compressed class ptrs, g1 gc, windows-amd64)
GC Precious Log:
 CardTable entry size: 512
 Card Set container configuration: InlinePtr #cards 4 size 8 Array Of Cards #cards 16 size 48 Howl #buckets 8 coarsen threshold 3686 Howl Bitmap #cards 512 size 80 coarsen threshold 460 Card regions per heap region 1 cards per card region 4096
 CPUs: 4 total, 4 available
 Memory: 3873M
 Large Page Support: Disabled
 NUMA Support: Disabled
 Compressed Oops: Enabled (Zero based)
 Heap Region Size: 2M
 Heap Min Capacity: 8M
 Heap Initial Capacity: 62M
 Heap Max Capacity: 3G
 Pre-touch: Disabled
 Parallel Workers: 4
 Concurrent Workers: 1
 Concurrent Refinement Workers: 4
 Periodic GC: Disabled
Heap:
 garbage-first heap   total 65536K, used 36121K [0x0000000740000000, 0x0000000800000000)
  region size 2048K, 3 young (6144K), 2 survivors (4096K)
 Metaspace       used 41576K, committed 43328K, reserved 1114112K
  class space    used 6126K, committed 6976K, reserved 1048576K
GC Heap History (20 events):
Event: 31.492 GC heap after
{Heap after GC invocations=6 (full 0):
 garbage-first heap   total 63488K, used 22137K [0x0000000740000000, 0x0000000800000000)
  region size 2048K, 1 young (2048K), 1 survivors (2048K)
 Metaspace       used 15042K, committed 15488K, reserved 1114112K
  class space    used 2098K, committed 2304K, reserved 1048576K
}
Event: 34.229 GC heap before
{Heap before GC invocations=6 (full 0):
 garbage-first heap   total 63488K, used 50809K [0x0000000740000000, 0x0000000800000000)
  region size 2048K, 16 young (32768K), 1 survivors (2048K)
 Metaspace       used 19829K, committed 20416K, reserved 1114112K
  class space    used 2729K, committed 3008K, reserved 1048576K
}
Event: 34.233 GC heap after
{Heap after GC invocations=7 (full 0):
 garbage-first heap   total 63488K, used 23675K [0x0000000740000000, 0x0000000800000000)
  region size 2048K, 2 young (4096K), 2 survivors (4096K)
 Metaspace       used 19829K, committed 20416K, reserved 1114112K
  class space    used 2729K, committed 3008K, reserved 1048576K
}
Event: 34.514 GC heap before
{Heap before GC invocations=7 (full 0):
 garbage-first heap   total 63488K, used 29819K [0x0000000740000000, 0x0000000800000000)
  region size 2048K, 6 young (12288K), 2 survivors (4096K)
 Metaspace       used 20908K, committed 21504K, reserved 1114112K
  class space    used 2911K, committed 3200K, reserved 1048576K
}
Event: 34.520 GC heap after
{Heap after GC invocations=8 (full 0):
 garbage-first heap   total 63488K, used 24165K [0x0000000740000000, 0x0000000800000000)
  region size 2048K, 2 young (4096K), 2 survivors (4096K)
 Metaspace       used 20908K, committed 21504K, reserved 1114112K
  class space    used 2911K, committed 3200K, reserved 1048576K
}
Event: 35.459 GC heap before
{Heap before GC invocations=9 (full 0):
 garbage-first heap   total 63488K, used 50789K [0x0000000740000000, 0x0000000800000000)
  region size 2048K, 16 young (32768K), 2 survivors (4096K)
 Metaspace       used 24361K, committed 25280K, reserved 1114112K
  class space    used 3484K, committed 3904K, reserved 1048576K
}
Event: 35.465 GC heap after
{Heap after GC invocations=10 (full 0):
 garbage-first heap   total 63488K, used 25998K [0x0000000740000000, 0x0000000800000000)
  region size 2048K, 2 young (4096K), 2 survivors (4096K)
 Metaspace       used 24361K, committed 25280K, reserved 1114112K
  class space    used 3484K, committed 3904K, reserved 1048576K
}
Event: 36.332 GC heap before
{Heap before GC invocations=10 (full 0):
 garbage-first heap   total 63488K, used 54670K [0x0000000740000000, 0x0000000800000000)
  region size 2048K, 16 young (32768K), 2 survivors (4096K)
 Metaspace       used 28258K, committed 29376K, reserved 1114112K
  class space    used 4135K, committed 4672K, reserved 1048576K
}
Event: 36.348 GC heap after
{Heap after GC invocations=11 (full 0):
 garbage-first heap   total 63488K, used 27097K [0x0000000740000000, 0x0000000800000000)
  region size 2048K, 2 young (4096K), 2 survivors (4096K)
 Metaspace       used 28258K, committed 29376K, reserved 1114112K
  class space    used 4135K, committed 4672K, reserved 1048576K
}
Event: 37.604 GC heap before
{Heap before GC invocations=11 (full 0):
 garbage-first heap   total 63488K, used 55769K [0x0000000740000000, 0x0000000800000000)
  region size 2048K, 16 young (32768K), 2 survivors (4096K)
 Metaspace       used 31736K, committed 33024K, reserved 1114112K
  class space    used 4704K, committed 5376K, reserved 1048576K
}
Event: 37.614 GC heap after
{Heap after GC invocations=12 (full 0):
 garbage-first heap   total 63488K, used 28812K [0x0000000740000000, 0x0000000800000000)
  region size 2048K, 2 young (4096K), 2 survivors (4096K)
 Metaspace       used 31736K, committed 33024K, reserved 1114112K
  class space    used 4704K, committed 5376K, reserved 1048576K
}
Event: 39.493 GC heap before
{Heap before GC invocations=12 (full 0):
 garbage-first heap   total 63488K, used 45196K [0x0000000740000000, 0x0000000800000000)
  region size 2048K, 12 young (24576K), 2 survivors (4096K)
 Metaspace       used 34841K, committed 36096K, reserved 1114112K
  class space    used 5091K, committed 5696K, reserved 1048576K
}
Event: 39.502 GC heap after
{Heap after GC invocations=13 (full 0):
 garbage-first heap   total 63488K, used 31171K [0x0000000740000000, 0x0000000800000000)
  region size 2048K, 2 young (4096K), 2 survivors (4096K)
 Metaspace       used 34841K, committed 36096K, reserved 1114112K
  class space    used 5091K, committed 5696K, reserved 1048576K
}
Event: 41.319 GC heap before
{Heap before GC invocations=14 (full 0):
 garbage-first heap   total 63488K, used 55747K [0x0000000740000000, 0x0000000800000000)
  region size 2048K, 14 young (28672K), 2 survivors (4096K)
 Metaspace       used 38313K, committed 39808K, reserved 1114112K
  class space    used 5583K, committed 6336K, reserved 1048576K
}
Event: 41.327 GC heap after
{Heap after GC invocations=15 (full 0):
 garbage-first heap   total 65536K, used 33955K [0x0000000740000000, 0x0000000800000000)
  region size 2048K, 2 young (4096K), 2 survivors (4096K)
 Metaspace       used 38313K, committed 39808K, reserved 1114112K
  class space    used 5583K, committed 6336K, reserved 1048576K
}
Event: 41.560 GC heap before
{Heap before GC invocations=15 (full 0):
 garbage-first heap   total 65536K, used 54435K [0x0000000740000000, 0x0000000800000000)
  region size 2048K, 12 young (24576K), 2 survivors (4096K)
 Metaspace       used 38545K, committed 40128K, reserved 1114112K
  class space    used 5617K, committed 6400K, reserved 1048576K
}
Event: 41.564 GC heap after
{Heap after GC invocations=16 (full 0):
 garbage-first heap   total 65536K, used 34560K [0x0000000740000000, 0x0000000800000000)
  region size 2048K, 1 young (2048K), 1 survivors (2048K)
 Metaspace       used 38545K, committed 40128K, reserved 1114112K
  class space    used 5617K, committed 6400K, reserved 1048576K
}
Event: 42.865 GC heap before
{Heap before GC invocations=17 (full 0):
 garbage-first heap   total 65536K, used 57088K [0x0000000740000000, 0x0000000800000000)
  region size 2048K, 12 young (24576K), 1 survivors (2048K)
 Metaspace       used 40237K, committed 41920K, reserved 1114112K
  class space    used 5901K, committed 6720K, reserved 1048576K
}
Event: 42.869 GC heap after
{Heap after GC invocations=18 (full 0):
 garbage-first heap   total 65536K, used 35595K [0x0000000740000000, 0x0000000800000000)
  region size 2048K, 1 young (2048K), 1 survivors (2048K)
 Metaspace       used 40237K, committed 41920K, reserved 1114112K
  class space    used 5901K, committed 6720K, reserved 1048576K
}
Event: 43.678 GC heap before
{Heap before GC invocations=18 (full 0):
 garbage-first heap   total 65536K, used 58123K [0x0000000740000000, 0x0000000800000000)
  region size 2048K, 12 young (24576K), 1 survivors (2048K)
 Metaspace       used 41576K, committed 43328K, reserved 1114112K
  class space    used 6126K, committed 6976K, reserved 1048576K
}

