# JRE version: OpenJDK Runtime Environment Temurin-21.0.11+10 (21.0.11+10) (build 21.0.11+10-LTS)
# Java VM: OpenJDK 64-Bit Server VM Temurin-21.0.11+10 (21.0.11+10-LTS, mixed mode, sharing, tiered, compressed oops, compressed class ptrs, g1 gc, windows-amd64)
GC Precious Log:
 CardTable entry size: 512
 Card Set container configuration: InlinePtr #cards 4 size 8 Array Of Cards #cards 32 size 80 Howl #buckets 8 coarsen threshold 7372 Howl Bitmap #cards 1024 size 144 coarsen threshold 921 Card regions per heap region 1 cards per card region 8192
 CPUs: 4 total, 4 available
 Memory: 3873M
 Large Page Support: Disabled
 NUMA Support: Disabled
 Compressed Oops: Enabled (Zero based)
 Heap Region Size: 4M
 Heap Min Capacity: 8M
 Heap Initial Capacity: 64M
 Heap Max Capacity: 8G
 Pre-touch: Disabled
 Parallel Workers: 4
 Concurrent Workers: 1
 Concurrent Refinement Workers: 4
 Periodic GC: Disabled
Heap:
 garbage-first heap   total 688128K, used 123861K [0x0000000600000000, 0x0000000800000000)
  region size 4096K, 1 young (4096K), 1 survivors (4096K)
 Metaspace       used 121208K, committed 123712K, reserved 1179648K
  class space    used 16757K, committed 17984K, reserved 1048576K
GC Heap History (20 events):
Event: 281.779 GC heap after
{Heap after GC invocations=80 (full 0):
 garbage-first heap   total 573440K, used 122861K [0x0000000600000000, 0x0000000800000000)
  region size 4096K, 1 young (4096K), 1 survivors (4096K)
 Metaspace       used 117882K, committed 120320K, reserved 1179648K
  class space    used 16459K, committed 17664K, reserved 1048576K
}
Event: 292.627 GC heap before
{Heap before GC invocations=80 (full 0):
 garbage-first heap   total 573440K, used 143341K [0x0000000600000000, 0x0000000800000000)
  region size 4096K, 7 young (28672K), 1 survivors (4096K)
 Metaspace       used 120830K, committed 123328K, reserved 1179648K
  class space    used 16738K, committed 17984K, reserved 1048576K
}
Event: 292.943 GC heap after
{Heap after GC invocations=81 (full 0):
 garbage-first heap   total 573440K, used 123226K [0x0000000600000000, 0x0000000800000000)
  region size 4096K, 1 young (4096K), 1 survivors (4096K)
 Metaspace       used 120830K, committed 123328K, reserved 1179648K
  class space    used 16738K, committed 17984K, reserved 1048576K
}
Event: 913.238 GC heap before
{Heap before GC invocations=81 (full 0):
 garbage-first heap   total 573440K, used 143706K [0x0000000600000000, 0x0000000800000000)
  region size 4096K, 7 young (28672K), 1 survivors (4096K)
 Metaspace       used 121050K, committed 123520K, reserved 1179648K
  class space    used 16752K, committed 17984K, reserved 1048576K
}
Event: 914.370 GC heap after
{Heap after GC invocations=82 (full 0):
 garbage-first heap   total 688128K, used 123196K [0x0000000600000000, 0x0000000800000000)
  region size 4096K, 1 young (4096K), 1 survivors (4096K)
 Metaspace       used 121050K, committed 123520K, reserved 1179648K
  class space    used 16752K, committed 17984K, reserved 1048576K
}
Event: 1964.733 GC heap before
{Heap before GC invocations=82 (full 0):
 garbage-first heap   total 688128K, used 151868K [0x0000000600000000, 0x0000000800000000)
  region size 4096K, 8 young (32768K), 1 survivors (4096K)
 Metaspace       used 121112K, committed 123520K, reserved 1179648K
  class space    used 16752K, committed 17984K, reserved 1048576K
}
Event: 1969.183 GC heap after
{Heap after GC invocations=83 (full 0):
 garbage-first heap   total 688128K, used 123169K [0x0000000600000000, 0x0000000800000000)
  region size 4096K, 1 young (4096K), 1 survivors (4096K)
 Metaspace       used 121112K, committed 123520K, reserved 1179648K
  class space    used 16752K, committed 17984K, reserved 1048576K
}
Event: 3033.183 GC heap before
{Heap before GC invocations=83 (full 0):
 garbage-first heap   total 688128K, used 151841K [0x0000000600000000, 0x0000000800000000)
  region size 4096K, 8 young (32768K), 1 survivors (4096K)
 Metaspace       used 121158K, committed 123584K, reserved 1179648K
  class space    used 16752K, committed 17984K, reserved 1048576K
}
Event: 3038.421 GC heap after
{Heap after GC invocations=84 (full 0):
 garbage-first heap   total 688128K, used 123184K [0x0000000600000000, 0x0000000800000000)
  region size 4096K, 1 young (4096K), 1 survivors (4096K)
 Metaspace       used 121158K, committed 123584K, reserved 1179648K
  class space    used 16752K, committed 17984K, reserved 1048576K
}
Event: 13380.439 GC heap before
{Heap before GC invocations=84 (full 0):
 garbage-first heap   total 688128K, used 151856K [0x0000000600000000, 0x0000000800000000)
  region size 4096K, 8 young (32768K), 1 survivors (4096K)
 Metaspace       used 121189K, committed 123648K, reserved 1179648K
  class space    used 16757K, committed 17984K, reserved 1048576K
}
Event: 13382.765 GC heap after
{Heap after GC invocations=85 (full 0):
 garbage-first heap   total 688128K, used 124019K [0x0000000600000000, 0x0000000800000000)
  region size 4096K, 1 young (4096K), 1 survivors (4096K)
 Metaspace       used 121189K, committed 123648K, reserved 1179648K
  class space    used 16757K, committed 17984K, reserved 1048576K
}
Event: 13389.903 GC heap before
{Heap before GC invocations=85 (full 0):
 garbage-first heap   total 688128K, used 152691K [0x0000000600000000, 0x0000000800000000)
  region size 4096K, 8 young (32768K), 1 survivors (4096K)
 Metaspace       used 121193K, committed 123712K, reserved 1179648K
  class space    used 16757K, committed 17984K, reserved 1048576K
}
Event: 13390.577 GC heap after
{Heap after GC invocations=86 (full 0):
 garbage-first heap   total 688128K, used 124006K [0x0000000600000000, 0x0000000800000000)
  region size 4096K, 1 young (4096K), 1 survivors (4096K)
 Metaspace       used 121193K, committed 123712K, reserved 1179648K
  class space    used 16757K, committed 17984K, reserved 1048576K
}
Event: 13390.970 GC heap before
{Heap before GC invocations=86 (full 0):
 garbage-first heap   total 688128K, used 152678K [0x0000000600000000, 0x0000000800000000)
  region size 4096K, 8 young (32768K), 1 survivors (4096K)
 Metaspace       used 121193K, committed 123712K, reserved 1179648K
  class space    used 16757K, committed 17984K, reserved 1048576K
}
Event: 13391.077 GC heap after
{Heap after GC invocations=87 (full 0):
 garbage-first heap   total 688128K, used 124023K [0x0000000600000000, 0x0000000800000000)
  region size 4096K, 1 young (4096K), 1 survivors (4096K)
 Metaspace       used 121193K, committed 123712K, reserved 1179648K
  class space    used 16757K, committed 17984K, reserved 1048576K
}
Event: 13391.337 GC heap before
{Heap before GC invocations=87 (full 0):
 garbage-first heap   total 688128K, used 152695K [0x0000000600000000, 0x0000000800000000)
  region size 4096K, 8 young (32768K), 1 survivors (4096K)
 Metaspace       used 121193K, committed 123712K, reserved 1179648K
  class space    used 16757K, committed 17984K, reserved 1048576K
}
Event: 13391.356 GC heap after
{Heap after GC invocations=88 (full 0):
 garbage-first heap   total 688128K, used 123926K [0x0000000600000000, 0x0000000800000000)
  region size 4096K, 1 young (4096K), 1 survivors (4096K)
 Metaspace       used 121193K, committed 123712K, reserved 1179648K
  class space    used 16757K, committed 17984K, reserved 1048576K
}
Event: 13394.993 GC heap before
{Heap before GC invocations=88 (full 0):
 garbage-first heap   total 688128K, used 152598K [0x0000000600000000, 0x0000000800000000)
  region size 4096K, 8 young (32768K), 1 survivors (4096K)
 Metaspace       used 121207K, committed 123712K, reserved 1179648K
  class space    used 16757K, committed 17984K, reserved 1048576K
}
Event: 13395.402 GC heap after
{Heap after GC invocations=89 (full 0):
 garbage-first heap   total 688128K, used 123997K [0x0000000600000000, 0x0000000800000000)
  region size 4096K, 1 young (4096K), 1 survivors (4096K)
 Metaspace       used 121207K, committed 123712K, reserved 1179648K
  class space    used 16757K, committed 17984K, reserved 1048576K
}
Event: 13403.002 GC heap before
{Heap before GC invocations=89 (full 0):
 garbage-first heap   total 688128K, used 152669K [0x0000000600000000, 0x0000000800000000)
  region size 4096K, 8 young (32768K), 1 survivors (4096K)
 Metaspace       used 121208K, committed 123712K, reserved 1179648K
  class space    used 16757K, committed 17984K, reserved 1048576K
}

